#
# A fatal error has been detected by the Java Runtime Environment:
#
#  EXCEPTION_ACCESS_VIOLATION (0xc0000005) at pc=0x0000000068a35a74, pid=3916, tid=0x00000000000002c8
#
# JRE version: Java(TM) SE Runtime Environment (8.0_151-b12) (build 1.8.0_151-b12)
# Java VM: Java HotSpot(TM) 64-Bit Server VM (25.151-b12 mixed mode windows-amd64 compressed oops)
# Problematic frame:
# C  0x0000000068a35a74
[error occurred during error reporting (printing problematic frame), id 0xc0000005]

# Failed to write core dump. Minidumps are not enabled by default on client versions of Windows
#
# If you would like to submit a bug report, please visit:
#   http://bugreport.java.com/bugreport/crash.jsp
# The crash happened outside the Java Virtual Machine in native code.
# See problematic frame for where to report the bug.
#

---------------  T H R E A D  ---------------

Current thread (0x000000001f7da000):  JavaThread "QuantumRenderer-0" daemon [_thread_in_native, id=712, stack(0x000000001fe20000,0x000000001ff20000)]

siginfo: ExceptionCode=0xc0000005, writing address 0x0000000021f8f000

Registers:
RAX=0x00000000000004e3, RBX=0x0000000000000000, RCX=0x00000000000004e3, RDX=0x0000000000000227
RSP=0x000000001ff1abe0, RBP=0x0000000033ca3040, RSI=0x0000000000034845, RDI=0x000000001ff1aca0
R8 =0x0000000021f8f000, R9 =0x00000000010a7f70, R10=0x000000000001cf34, R11=0x0000000000000007
R12=0x0000000021ebcef0, R13=0x000000001ff1be00, R14=0x000000000000000e, R15=0x0000000000000224
RIP=0x0000000068a35a74, EFLAGS=0x0000000000010202

Top of Stack: (sp=0x000000001ff1abe0)
0x000000001ff1abe0:   40fcf33000000000 0000000000000000
0x000000001ff1abf0:   0000000000000008 0000000068d5e8dc
0x000000001ff1ac00:   4014000000000000 0000000000000000
0x000000001ff1ac10:   0000000000000000 0000000000000000
0x000000001ff1ac20:   3ff0000000000000 0000000000000000
0x000000001ff1ac30:   0000000000000000 0000000000000003
0x000000001ff1ac40:   0000000000001870 000000000000030e
0x000000001ff1ac50:   000000001ff1be00 0000000068a3530d
0x000000001ff1ac60:   00000000000001d8 0000000000000228
0x000000001ff1ac70:   0000000000000003 000000001ff1acd0
0x000000001ff1ac80:   0000030e00000045 ffffffff00000223
0x000000001ff1ac90:   000000001ff1bd70 000000001ff1be00
0x000000001ff1aca0:   00000000220ad200 0000000000010000
0x000000001ff1acb0:   0000000021ebcef0 0000000e00010000
0x000000001ff1acc0:   0000000000000225 00000007c00a8f48
0x000000001ff1acd0:   0000000000000020 fffffffaffffffe6 

Instructions: (pc=0x0000000068a35a74)
0x0000000068a35a54:   18 48 63 8c 24 80 00 00 00 49 8b 45 78 4c 8b 67
0x0000000068a35a64:   10 8b 14 88 85 d2 74 1f 4f 8d 04 b4 ff ca ff c6
0x0000000068a35a74:   41 89 10 4d 8d 40 04 8d 42 04 48 63 c8 f3 0f 2c
0x0000000068a35a84:   54 8d 00 85 d2 75 e5 4c 8b 3f 4c 89 67 10 89 77 


Register to memory mapping:

RAX=0x00000000000004e3 is an unknown value
RBX=0x0000000000000000 is an unknown value
RCX=0x00000000000004e3 is an unknown value
RDX=0x0000000000000227 is an unknown value
RSP=0x000000001ff1abe0 is pointing into the stack for thread: 0x000000001f7da000
RBP=0x0000000033ca3040 is an unknown value
RSI=0x0000000000034845 is an unknown value
RDI=0x000000001ff1aca0 is pointing into the stack for thread: 0x000000001f7da000
R8 =0x0000000021f8f000 is an unknown value
R9 =0x00000000010a7f70 is an unknown value
R10=0x000000000001cf34 is an unknown value
R11=0x0000000000000007 is an unknown value
R12=0x0000000021ebcef0 is an unknown value
R13=0x000000001ff1be00 is pointing into the stack for thread: 0x000000001f7da000
R14=0x000000000000000e is an unknown value
R15=0x0000000000000224 is an unknown value


Stack: [0x000000001fe20000,0x000000001ff20000],  sp=0x000000001ff1abe0,  free space=1002k
Native frames: (J=compiled Java code, j=interpreted, Vv=VM code, C=native code)
C  0x0000000068a35a74