#
# A fatal error has been detected by the Java Runtime Environment:
#
#  EXCEPTION_ACCESS_VIOLATION (0xc0000005) at pc=0x0000000068a35a74, pid=4784, tid=0x00000000000000e0
#
# JRE version: Java(TM) SE Runtime Environment (8.0_151-b12) (build 1.8.0_151-b12)
# Java VM: Java HotSpot(TM) 64-Bit Server VM (25.151-b12 mixed mode windows-amd64 compressed oops)
# Problematic frame:
# C  [prism_common.dll+0x5a74]
#
# Failed to write core dump. Minidumps are not enabled by default on client versions of Windows
#
# If you would like to submit a bug report, please visit:
#   http://bugreport.java.com/bugreport/crash.jsp
# The crash happened outside the Java Virtual Machine in native code.
# See problematic frame for where to report the bug.
#

---------------  T H R E A D  ---------------

Current thread (0x000000001f400000):  JavaThread "QuantumRenderer-0" daemon [_thread_in_native, id=224, stack(0x000000001fa00000,0x000000001fb00000)]

siginfo: ExceptionCode=0xc0000005, writing address 0x0000000021e6d000

Registers:
RAX=0x00000000000004e3, RBX=0x0000000000000000, RCX=0x00000000000004e3, RDX=0x0000000000000227
RSP=0x000000001fafb620, RBP=0x00000000338ea040, RSI=0x0000000000020aad, RDI=0x000000001fafb6e0
R8 =0x0000000021e6d000, R9 =0x0000000000d47520, R10=0x000000000001cf34, R11=0x0000000000000007
R12=0x0000000021dea550, R13=0x000000001fafc840, R14=0x000000000000000e, R15=0x0000000000000224
RIP=0x0000000068a35a74, EFLAGS=0x0000000000010202

Top of Stack: (sp=0x000000001fafb620)
0x000000001fafb620:   40fcf33000000000 0000000000000000
0x000000001fafb630:   0000000000000008 000000002586f4c0
0x000000001fafb640:   4014000000000000 0000000000000000
0x000000001fafb650:   0000000000000000 0000000000000000
0x000000001fafb660:   3ff0000000000000 0000000000000000
0x000000001fafb670:   0000000000000000 0000000000000003
0x000000001fafb680:   0000000000001870 000000000000030e
0x000000001fafb690:   000000001fafc840 0000000068a3530d
0x000000001fafb6a0:   00000000000001d8 0000000000000228
0x000000001fafb6b0:   0000000000000003 000000001fafb710
0x000000001fafb6c0:   0000030e00000045 ffffffff00000223
0x000000001fafb6d0:   000000001fafc7b0 000000001fafc840
0x000000001fafb6e0:   0000000021e2a560 0000000000010000
0x000000001fafb6f0:   0000000021dea550 0000000e00010000
0x000000001fafb700:   0000000000000225 000000001f400000
0x000000001fafb710:   0000000000000020 fffffffaffffffe6 

Instructions: (pc=0x0000000068a35a74)
0x0000000068a35a54:   18 48 63 8c 24 80 00 00 00 49 8b 45 78 4c 8b 67
0x0000000068a35a64:   10 8b 14 88 85 d2 74 1f 4f 8d 04 b4 ff ca ff c6
0x0000000068a35a74:   41 89 10 4d 8d 40 04 8d 42 04 48 63 c8 f3 0f 2c
0x0000000068a35a84:   54 8d 00 85 d2 75 e5 4c 8b 3f 4c 89 67 10 89 77 


Register to memory mapping:

RAX=0x00000000000004e3 is an unknown value
RBX=0x0000000000000000 is an unknown value
RCX=0x00000000000004e3 is an unknown value
RDX=0x0000000000000227 is an unknown value
RSP=0x000000001fafb620 is pointing into the stack for thread: 0x000000001f400000
RBP=0x00000000338ea040 is an unknown value
RSI=0x0000000000020aad is an unknown value
RDI=0x000000001fafb6e0 is pointing into the stack for thread: 0x000000001f400000
R8 =0x0000000021e6d000 is an unknown value
R9 =0x0000000000d47520 is an unknown value
R10=0x000000000001cf34 is an unknown value
R11=0x0000000000000007 is an unknown value
R12=0x0000000021dea550 is an unknown value
R13=0x000000001fafc840 is pointing into the stack for thread: 0x000000001f400000
R14=0x000000000000000e is an unknown value
R15=0x0000000000000224 is an unknown value


Stack: [0x000000001fa00000,0x000000001fb00000],  sp=0x000000001fafb620,  free space=1005k
Native frames: (J=compiled Java code, j=interpreted, Vv=VM code, C=native code)
C  [prism_common.dll+0x5a74]

Java frames: (J=compiled Java code, j=interpreted, Vv=VM code)
j  com.sun.prism.impl.shape.NativePiscesRasterizer.produceStrokeAlphas([F[BIFIIF[FFDDDDDD[I[B)V+0
j  com.sun.prism.impl.shape.NativePiscesRasterizer.getMaskData(Lcom/sun/javafx/geom/Shape;Lcom/sun/prism/BasicStroke;Lcom/sun/javafx/geom/RectBounds;Lcom/sun/javafx/geom/transform/BaseTransform;ZZ)Lcom/sun/prism/impl/shape/MaskData;+487
j  com.sun.prism.impl.shape.ShapeUtil.rasterizeShape(Lcom/sun/javafx/geom/Shape;Lcom/sun/prism/BasicStroke;Lcom/sun/javafx/geom/RectBounds;Lcom/sun/javafx/geom/transform/BaseTransform;ZZ)Lcom/sun/prism/impl/shape/MaskData;+11
j  com.sun.prism.impl.ps.BaseShaderGraphics.renderShape(Lcom/sun/javafx/geom/Shape;Lcom/sun/prism/BasicStroke;FFFF)V+40
j  com.sun.prism.impl.BaseGraphics.draw(Lcom/sun/javafx/geom/Shape;)V+136
j  com.sun.prism.impl.ps.CachingShapeRepState.drawNoCache(Lcom/sun/prism/Graphics;Lcom/sun/javafx/geom/Shape;)V+2
j  com.sun.prism.impl.ps.CachingShapeRepState.render(Lcom/sun/prism/Graphics;Lcom/sun/javafx/geom/Shape;Lcom/sun/javafx/geom/RectBounds;Lcom/sun/prism/BasicStroke;)V+241
j  com.sun.prism.impl.ps.CachingShapeRep.draw(Lcom/sun/prism/Graphics;Lcom/sun/javafx/geom/Shape;Lcom/sun/javafx/geom/BaseBounds;)V+31
j  com.sun.javafx.sg.prism.NGShape.renderContent2D(Lcom/sun/prism/Graphics;Z)V+144
j  com.sun.javafx.sg.prism.NGShape.renderContent(Lcom/sun/prism/Graphics;)V+454
J 1826 C1 com.sun.javafx.sg.prism.NGNode.doRender(Lcom/sun/prism/Graphics;)V (473 bytes) @ 0x0000000002f4645c [0x0000000002f44560+0x1efc]
J 1780 C1 com.sun.javafx.sg.prism.NGNode.render(Lcom/sun/prism/Graphics;)V (38 bytes) @ 0x0000000002f212c4 [0x0000000002f21040+0x284]
j  com.sun.javafx.sg.prism.NGGroup.renderContent(Lcom/sun/prism/Graphics;)V+160
j  com.sun.javafx.sg.prism.NGNode.renderForClip(Lcom/sun/prism/Graphics;)V+17
j  com.sun.javafx.sg.prism.NGNode.renderRectClip(Lcom/sun/prism/Graphics;Lcom/sun/javafx/sg/prism/NGRectangle;)V+106
j  com.sun.javafx.sg.prism.NGNode.renderClip(Lcom/sun/prism/Graphics;)V+83
J 1826 C1 com.sun.javafx.sg.prism.NGNode.doRender(Lcom/sun/prism/Graphics;)V (473 bytes) @ 0x0000000002f460fc [0x0000000002f44560+0x1b9c]
J 1780 C1 com.sun.javafx.sg.prism.NGNode.render(Lcom/sun/prism/Graphics;)V (38 bytes) @ 0x0000000002f212c4 [0x0000000002f21040+0x284]
j  com.sun.javafx.sg.prism.NGGroup.renderContent(Lcom/sun/prism/Graphics;)V+160
j  com.sun.javafx.sg.prism.NGRegion.renderContent(Lcom/sun/prism/Graphics;)V+111
J 1826 C1 com.sun.javafx.sg.prism.NGNode.doRender(Lcom/sun/prism/Graphics;)V (473 bytes) @ 0x0000000002f4645c [0x0000000002f44560+0x1efc]
J 1780 C1 com.sun.javafx.sg.prism.NGNode.render(Lcom/sun/prism/Graphics;)V (38 bytes) @ 0x0000000002f212c4 [0x0000000002f21040+0x284]
j  com.sun.javafx.sg.prism.NGGroup.renderContent(Lcom/sun/prism/Graphics;)V+160
j  com.sun.javafx.sg.prism.NGRegion.renderContent(Lcom/sun/prism/Graphics;)V+111
J 1826 C1 com.sun.javafx.sg.prism.NGNode.doRender(Lcom/sun/prism/Graphics;)V (473 bytes) @ 0x0000000002f4645c [0x0000000002f44560+0x1efc]
J 1780 C1 com.sun.javafx.sg.prism.NGNode.render(Lcom/sun/prism/Graphics;)V (38 bytes) @ 0x0000000002f212c4 [0x0000000002f21040+0x284]
j  com.sun.javafx.sg.prism.NGGroup.renderContent(Lcom/sun/prism/Graphics;)V+160
j  com.sun.javafx.sg.prism.NGRegion.renderContent(Lcom/sun/prism/Graphics;)V+111
J 1826 C1 com.sun.javafx.sg.prism.NGNode.doRender(Lcom/sun/prism/Graphics;)V (473 bytes) @ 0x0000000002f4645c [0x0000000002f44560+0x1efc]
J 1780 C1 com.sun.javafx.sg.prism.NGNode.render(Lcom/sun/prism/Graphics;)V (38 bytes) @ 0x0000000002f212c4 [0x0000000002f21040+0x284]
j  com.sun.javafx.sg.prism.NGGroup.renderContent(Lcom/sun/prism/Graphics;)V+160
j  com.sun.javafx.sg.prism.NGRegion.renderContent(Lcom/sun/prism/Graphics;)V+111
j  com.sun.javafx.sg.prism.NGNode.renderForClip(Lcom/sun/prism/Graphics;)V+17
j  com.sun.javafx.sg.prism.NGNode.renderRectClip(Lcom/sun/prism/Graphics;Lcom/sun/javafx/sg/prism/NGRectangle;)V+106
j  com.sun.javafx.sg.prism.NGNode.renderClip(Lcom/sun/prism/Graphics;)V+83
j  com.sun.javafx.sg.prism.CacheFilter.impl_renderNodeToCache(Lcom/sun/scenario/effect/ImageData;Lcom/sun/javafx/geom/Rectangle;Lcom/sun/javafx/geom/transform/BaseTransform;Lcom/sun/javafx/geom/Rectangle;)V+150
j  com.sun.javafx.sg.prism.CacheFilter.render(Lcom/sun/prism/Graphics;)V+344
j  com.sun.javafx.sg.prism.NGNode.renderCached(Lcom/sun/prism/Graphics;)V+31
J 1826 C1 com.sun.javafx.sg.prism.NGNode.doRender(Lcom/sun/prism/Graphics;)V (473 bytes) @ 0x0000000002f45e84 [0x0000000002f44560+0x1924]
J 1780 C1 com.sun.javafx.sg.prism.NGNode.render(Lcom/sun/prism/Graphics;)V (38 bytes) @ 0x0000000002f212c4 [0x0000000002f21040+0x284]
j  com.sun.javafx.sg.prism.NGGroup.renderContent(Lcom/sun/prism/Graphics;)V+160
j  com.sun.javafx.sg.prism.NGRegion.renderContent(Lcom/sun/prism/Graphics;)V+111
J 1826 C1 com.sun.javafx.sg.prism.NGNode.doRender(Lcom/sun/prism/Graphics;)V (473 bytes) @ 0x0000000002f4645c [0x0000000002f44560+0x1efc]
J 1780 C1 com.sun.javafx.sg.prism.NGNode.render(Lcom/sun/prism/Graphics;)V (38 bytes) @ 0x0000000002f212c4 [0x0000000002f21040+0x284]
j  com.sun.javafx.tk.quantum.ViewPainter.doPaint(Lcom/sun/prism/Graphics;Lcom/sun/javafx/sg/prism/NodePath;)V+201
j  com.sun.javafx.tk.quantum.ViewPainter.paintImpl(Lcom/sun/prism/Graphics;)V+982
j  com.sun.javafx.tk.quantum.PresentingPainter.run()V+326
j  java.util.concurrent.Executors$RunnableAdapter.call()Ljava/lang/Object;+4
j  java.util.concurrent.FutureTask.runAndReset()Z+47
j  com.sun.javafx.tk.RenderJob.run()V+1
j  java.util.concurrent.ThreadPoolExecutor.runWorker(Ljava/util/concurrent/ThreadPoolExecutor$Worker;)V+95
j  java.util.concurrent.ThreadPoolExecutor$Worker.run()V+5
j  com.sun.javafx.tk.quantum.QuantumRenderer$PipelineRunnable.run()V+8
j  java.lang.Thread.run()V+11
v  ~StubRoutines::call_stub

---------------  P R O C E S S  ---------------

Java Threads: ( => current thread )
  0x0000000023189800 JavaThread "Prism Font Disposer" daemon [_thread_blocked, id=4160, stack(0x0000000024d20000,0x0000000024e20000)]
  0x000000001f53f000 JavaThread "Thread-3" daemon [_thread_in_native, id=488, stack(0x0000000020880000,0x0000000020980000)]
  0x000000001f540800 JavaThread "JavaFX-Launcher" [_thread_blocked, id=3024, stack(0x0000000021f90000,0x0000000022090000)]
  0x000000001f452000 JavaThread "JavaFX Application Thread" [_thread_blocked, id=4376, stack(0x0000000020700000,0x0000000020800000)]
  0x000000001f44f000 JavaThread "Thread-1" daemon [_thread_blocked, id=3552, stack(0x0000000020600000,0x0000000020700000)]
=>0x000000001f400000 JavaThread "QuantumRenderer-0" daemon [_thread_in_native, id=224, stack(0x000000001fa00000,0x000000001fb00000)]
  0x000000001d8e5800 JavaThread "Service Thread" daemon [_thread_blocked, id=5636, stack(0x000000001f000000,0x000000001f100000)]
  0x000000001d855800 JavaThread "C1 CompilerThread3" daemon [_thread_blocked, id=2992, stack(0x000000001ef00000,0x000000001f000000)]
  0x000000001d854800 JavaThread "C2 CompilerThread2" daemon [_thread_blocked, id=3408, stack(0x000000001ee00000,0x000000001ef00000)]
  0x000000001d831000 JavaThread "C2 CompilerThread1" daemon [_thread_blocked, id=3884, stack(0x000000001ed00000,0x000000001ee00000)]
  0x000000001d847000 JavaThread "C2 CompilerThread0" daemon [_thread_blocked, id=5592, stack(0x000000001ec00000,0x000000001ed00000)]
  0x000000001d82f800 JavaThread "Attach Listener" daemon [_thread_blocked, id=4188, stack(0x000000001eb00000,0x000000001ec00000)]
  0x000000001d841800 JavaThread "Signal Dispatcher" daemon [_thread_blocked, id=892, stack(0x000000001ea00000,0x000000001eb00000)]
  0x000000001d7f0800 JavaThread "Finalizer" daemon [_thread_blocked, id=6052, stack(0x000000001e730000,0x000000001e830000)]
  0x000000001d7c6000 JavaThread "Reference Handler" daemon [_thread_blocked, id=5340, stack(0x000000001e630000,0x000000001e730000)]
  0x00000000028d4800 JavaThread "main" [_thread_blocked, id=5608, stack(0x00000000026f0000,0x00000000027f0000)]

Other Threads:
  0x000000001c46e800 VMThread [stack: 0x000000001e530000,0x000000001e630000] [id=5948]
  0x000000001d8fe000 WatcherThread [stack: 0x000000001f100000,0x000000001f200000] [id=420]

VM state:not at safepoint (normal execution)

VM Mutex/Monitor currently owned by a thread: None

Heap:
 PSYoungGen      total 644096K, used 594693K [0x000000076af80000, 0x000000079d980000, 0x00000007c0000000)
  eden space 633344K, 92% used [0x000000076af80000,0x000000078e9c9478,0x0000000791a00000)
  from space 10752K, 99% used [0x000000079cf00000,0x000000079d978010,0x000000079d980000)
  to   space 35840K, 0% used [0x0000000799380000,0x0000000799380000,0x000000079b680000)
 ParOldGen       total 175104K, used 78953K [0x00000006c0e00000, 0x00000006cb900000, 0x000000076af80000)
  object space 175104K, 45% used [0x00000006c0e00000,0x00000006c5b1a6b8,0x00000006cb900000)
 Metaspace       used 17933K, capacity 18938K, committed 19072K, reserved 1064960K
  class space    used 2609K, capacity 2843K, committed 2944K, reserved 1048576K

Card table byte_map: [0x0000000011d90000,0x0000000012590000] byte_map_base: 0x000000000e789000

Marking Bits: (ParMarkBitMap*) 0x00000000694bd850
 Begin Bits: [0x00000000132f0000, 0x00000000172b8000)
 End Bits:   [0x00000000172b8000, 0x000000001b280000)

Polling page: 0x0000000000f80000

CodeCache: size=245760Kb used=10868Kb max_used=12581Kb free=234892Kb
 bounds [0x00000000029d0000, 0x0000000003640000, 0x00000000119d0000]
 total_blobs=3948 nmethods=3291 adapters=568
 compilation: enabled

Compilation events (10 events):
Event: 27.776 Thread 0x000000001d847000 4075       4       com.sun.javafx.sg.prism.NGShape::setDrawPaint (38 bytes)
Event: 27.778 Thread 0x000000001d847000 nmethod 4075 0x0000000002b49d50 code [0x0000000002b49ec0, 0x0000000002b4a038]
Event: 27.780 Thread 0x000000001d855800 4083       3       com.sun.prism.d3d.D3DRTTexture::getResourceHandle (17 bytes)
Event: 27.780 Thread 0x000000001d855800 nmethod 4083 0x0000000002bb4910 code [0x0000000002bb4ac0, 0x0000000002bb51a8]
Event: 27.780 Thread 0x000000001d855800 4084       3       com.sun.javafx.geom.transform.AffineBase::is2D (24 bytes)
Event: 27.780 Thread 0x000000001d855800 nmethod 4084 0x0000000002c1ae90 code [0x0000000002c1b020, 0x0000000002c1b4d8]
Event: 27.781 Thread 0x000000001d855800 4085       3       com.sun.prism.d3d.D3DTexture::getContext (17 bytes)
Event: 27.782 Thread 0x000000001d855800 nmethod 4085 0x0000000002e5db10 code [0x0000000002e5dca0, 0x0000000002e5e348]
Event: 27.799 Thread 0x000000001d854800 nmethod 4078 0x0000000003143b10 code [0x0000000003143f60, 0x0000000003145c78]
Event: 27.801 Thread 0x000000001d831000 nmethod 4077 0x0000000003136d10 code [0x0000000003137220, 0x0000000003139a98]

GC Heap History (10 events):
Event: 12.079 GC heap before
{Heap before GC invocations=12 (full 0):
 PSYoungGen      total 801280K, used 800854K [0x000000076af80000, 0x000000079ed80000, 0x00000007c0000000)
  eden space 799744K, 100% used [0x000000076af80000,0x000000079bc80000,0x000000079bc80000)
  from space 1536K, 72% used [0x000000079e200000,0x000000079e315bb8,0x000000079e380000)
  to   space 10240K, 0% used [0x000000079e380000,0x000000079e380000,0x000000079ed80000)
 ParOldGen       total 175104K, used 13267K [0x00000006c0e00000, 0x00000006cb900000, 0x000000076af80000)
  object space 175104K, 7% used [0x00000006c0e00000,0x00000006c1af4d10,0x00000006cb900000)
 Metaspace       used 16454K, capacity 17412K, committed 17664K, reserved 1064960K
  class space    used 2476K, capacity 2730K, committed 2816K, reserved 1048576K
Event: 12.081 GC heap after
Heap after GC invocations=12 (full 0):
 PSYoungGen      total 764416K, used 1216K [0x000000076af80000, 0x000000079e500000, 0x00000007c0000000)
  eden space 762880K, 0% used [0x000000076af80000,0x000000076af80000,0x0000000799880000)
  from space 1536K, 79% used [0x000000079e380000,0x000000079e4b0020,0x000000079e500000)
  to   space 11264K, 0% used [0x000000079cf00000,0x000000079cf00000,0x000000079da00000)
 ParOldGen       total 175104K, used 14122K [0x00000006c0e00000, 0x00000006cb900000, 0x000000076af80000)
  object space 175104K, 8% used [0x00000006c0e00000,0x00000006c1bca8b8,0x00000006cb900000)
 Metaspace       used 16454K, capacity 17412K, committed 17664K, reserved 1064960K
  class space    used 2476K, capacity 2730K, committed 2816K, reserved 1048576K
}
Event: 12.990 GC heap before
{Heap before GC invocations=13 (full 0):
 PSYoungGen      total 764416K, used 764096K [0x000000076af80000, 0x000000079e500000, 0x00000007c0000000)
  eden space 762880K, 100% used [0x000000076af80000,0x0000000799880000,0x0000000799880000)
  from space 1536K, 79% used [0x000000079e380000,0x000000079e4b0020,0x000000079e500000)
  to   space 11264K, 0% used [0x000000079cf00000,0x000000079cf00000,0x000000079da00000)
 ParOldGen       total 175104K, used 14122K [0x00000006c0e00000, 0x00000006cb900000, 0x000000076af80000)
  object space 175104K, 8% used [0x00000006c0e00000,0x00000006c1bca8b8,0x00000006cb900000)
 Metaspace       used 16454K, capacity 17412K, committed 17664K, reserved 1064960K
  class space    used 2476K, capacity 2730K, committed 2816K, reserved 1048576K
Event: 12.991 GC heap after
Heap after GC invocations=13 (full 0):
 PSYoungGen      total 729088K, used 864K [0x000000076af80000, 0x000000079e400000, 0x00000007c0000000)
  eden space 728064K, 0% used [0x000000076af80000,0x000000076af80000,0x0000000797680000)
  from space 1024K, 84% used [0x000000079cf00000,0x000000079cfd8010,0x000000079d000000)
  to   space 11264K, 0% used [0x000000079d900000,0x000000079d900000,0x000000079e400000)
 ParOldGen       total 175104K, used 14762K [0x00000006c0e00000, 0x00000006cb900000, 0x000000076af80000)
  object space 175104K, 8% used [0x00000006c0e00000,0x00000006c1c6a8b8,0x00000006cb900000)
 Metaspace       used 16454K, capacity 17412K, committed 17664K, reserved 1064960K
  class space    used 2476K, capacity 2730K, committed 2816K, reserved 1048576K
}
Event: 13.854 GC heap before
{Heap before GC invocations=14 (full 0):
 PSYoungGen      total 729088K, used 728928K [0x000000076af80000, 0x000000079e400000, 0x00000007c0000000)
  eden space 728064K, 100% used [0x000000076af80000,0x0000000797680000,0x0000000797680000)
  from space 1024K, 84% used [0x000000079cf00000,0x000000079cfd8010,0x000000079d000000)
  to   space 11264K, 0% used [0x000000079d900000,0x000000079d900000,0x000000079e400000)
 ParOldGen       total 175104K, used 14762K [0x00000006c0e00000, 0x00000006cb900000, 0x000000076af80000)
  object space 175104K, 8% used [0x00000006c0e00000,0x00000006c1c6a8b8,0x00000006cb900000)
 Metaspace       used 16454K, capacity 17412K, committed 17664K, reserved 1064960K
  class space    used 2476K, capacity 2730K, committed 2816K, reserved 1048576K
Event: 13.856 GC heap after
Heap after GC invocations=14 (full 0):
 PSYoungGen      total 696320K, used 1074K [0x000000076af80000, 0x000000079da80000, 0x00000007c0000000)
  eden space 694784K, 0% used [0x000000076af80000,0x000000076af80000,0x0000000795600000)
  from space 1536K, 69% used [0x000000079d900000,0x000000079da0c980,0x000000079da80000)
  to   space 10752K, 0% used [0x000000079c580000,0x000000079c580000,0x000000079d000000)
 ParOldGen       total 175104K, used 15258K [0x00000006c0e00000, 0x00000006cb900000, 0x000000076af80000)
  object space 175104K, 8% used [0x00000006c0e00000,0x00000006c1ce68b8,0x00000006cb900000)
 Metaspace       used 16454K, capacity 17412K, committed 17664K, reserved 1064960K
  class space    used 2476K, capacity 2730K, committed 2816K, reserved 1048576K
}
Event: 14.674 GC heap before
{Heap before GC invocations=15 (full 0):
 PSYoungGen      total 696320K, used 695858K [0x000000076af80000, 0x000000079da80000, 0x00000007c0000000)
  eden space 694784K, 100% used [0x000000076af80000,0x0000000795600000,0x0000000795600000)
  from space 1536K, 69% used [0x000000079d900000,0x000000079da0c980,0x000000079da80000)
  to   space 10752K, 0% used [0x000000079c580000,0x000000079c580000,0x000000079d000000)
 ParOldGen       total 175104K, used 15258K [0x00000006c0e00000, 0x00000006cb900000, 0x000000076af80000)
  object space 175104K, 8% used [0x00000006c0e00000,0x00000006c1ce68b8,0x00000006cb900000)
 Metaspace       used 16454K, capacity 17412K, committed 17664K, reserved 1064960K
  class space    used 2476K, capacity 2730K, committed 2816K, reserved 1048576K
Event: 14.675 GC heap after
Heap after GC invocations=15 (full 0):
 PSYoungGen      total 664064K, used 736K [0x000000076af80000, 0x000000079d980000, 0x00000007c0000000)
  eden space 663040K, 0% used [0x000000076af80000,0x000000076af80000,0x0000000793700000)
  from space 1024K, 71% used [0x000000079c580000,0x000000079c638010,0x000000079c680000)
  to   space 10752K, 0% used [0x000000079cf00000,0x000000079cf00000,0x000000079d980000)
 ParOldGen       total 175104K, used 15796K [0x00000006c0e00000, 0x00000006cb900000, 0x000000076af80000)
  object space 175104K, 9% used [0x00000006c0e00000,0x00000006c1d6d228,0x00000006cb900000)
 Metaspace       used 16454K, capacity 17412K, committed 17664K, reserved 1064960K
  class space    used 2476K, capacity 2730K, committed 2816K, reserved 1048576K
}
Event: 15.871 GC heap before
{Heap before GC invocations=16 (full 0):
 PSYoungGen      total 664064K, used 663776K [0x000000076af80000, 0x000000079d980000, 0x00000007c0000000)
  eden space 663040K, 100% used [0x000000076af80000,0x0000000793700000,0x0000000793700000)
  from space 1024K, 71% used [0x000000079c580000,0x000000079c638010,0x000000079c680000)
  to   space 10752K, 0% used [0x000000079cf00000,0x000000079cf00000,0x000000079d980000)
 ParOldGen       total 175104K, used 15796K [0x00000006c0e00000, 0x00000006cb900000, 0x000000076af80000)
  object space 175104K, 9% used [0x00000006c0e00000,0x00000006c1d6d228,0x00000006cb900000)
 Metaspace       used 17048K, capacity 18090K, committed 18176K, reserved 1064960K
  class space    used 2535K, capacity 2763K, committed 2816K, reserved 1048576K
Event: 15.907 GC heap after
Heap after GC invocations=16 (full 0):
 PSYoungGen      total 644096K, used 10720K [0x000000076af80000, 0x000000079d980000, 0x00000007c0000000)
  eden space 633344K, 0% used [0x000000076af80000,0x000000076af80000,0x0000000791a00000)
  from space 10752K, 99% used [0x000000079cf00000,0x000000079d978010,0x000000079d980000)
  to   space 35840K, 0% used [0x0000000799380000,0x0000000799380000,0x000000079b680000)
 ParOldGen       total 175104K, used 78953K [0x00000006c0e00000, 0x00000006cb900000, 0x000000076af80000)
  object space 175104K, 45% used [0x00000006c0e00000,0x00000006c5b1a6b8,0x00000006cb900000)
 Metaspace       used 17048K, capacity 18090K, committed 18176K, reserved 1064960K
  class space    used 2535K, capacity 2763K, committed 2816K, reserved 1048576K
}

Deoptimization events (10 events):
Event: 27.769 Thread 0x000000001f452000 Uncommon trap: reason=unstable_if action=reinterpret pc=0x0000000002b5aa08 method=com.sun.javafx.geom.RectBounds.equals(Ljava/lang/Object;)Z @ 47
Event: 27.770 Thread 0x000000001f452000 Uncommon trap: reason=unstable_if action=reinterpret pc=0x0000000002cf4c74 method=com.sun.javafx.sg.prism.NGNode.setEffect(Lcom/sun/scenario/effect/Effect;)V @ 21
Event: 27.770 Thread 0x000000001f452000 Uncommon trap: reason=unstable_if action=reinterpret pc=0x000000000335bda0 method=com.sun.javafx.sg.prism.NGRegion.updateShape(Ljava/lang/Object;ZZZ)V @ 2
Event: 27.770 Thread 0x000000001f452000 Uncommon trap: reason=unstable_if action=reinterpret pc=0x000000000337cccc method=javafx.scene.Node.impl_updatePeer()V @ 250
Event: 27.772 Thread 0x000000001f400000 Uncommon trap: reason=class_check action=maybe_recompile pc=0x00000000031c6050 method=com.sun.javafx.geom.transform.Affine2D.setTransform(Lcom/sun/javafx/geom/transform/BaseTransform;)V @ 4
Event: 27.775 Thread 0x000000001f400000 Uncommon trap: reason=class_check action=maybe_recompile pc=0x0000000003478dcc method=sun.reflect.DelegatingMethodAccessorImpl.invoke(Ljava/lang/Object;[Ljava/lang/Object;)Ljava/lang/Object; @ 6
Event: 27.777 Thread 0x000000001f400000 Uncommon trap: reason=class_check action=maybe_recompile pc=0x0000000003478dcc method=sun.reflect.DelegatingMethodAccessorImpl.invoke(Ljava/lang/Object;[Ljava/lang/Object;)Ljava/lang/Object; @ 6
Event: 27.780 Thread 0x000000001f400000 Uncommon trap: reason=class_check action=maybe_recompile pc=0x00000000034ab384 method=com.sun.javafx.font.FontStrikeDesc.<init>(FLcom/sun/javafx/geom/transform/BaseTransform;I)V @ 31
Event: 27.780 Thread 0x000000001f400000 Uncommon trap: reason=unstable_if action=reinterpret pc=0x000000000348df64 method=com.sun.javafx.font.FontStrikeDesc.hashCode()I @ 4
Event: 27.781 Thread 0x000000001f400000 Uncommon trap: reason=class_check action=maybe_recompile pc=0x0000000003478dcc method=sun.reflect.DelegatingMethodAccessorImpl.invoke(Ljava/lang/Object;[Ljava/lang/Object;)Ljava/lang/Object; @ 6

Internal exceptions (10 events):
Event: 15.500 Thread 0x000000001f452000 Implicit null exception at 0x0000000003133ef9 to 0x00000000031342b5
Event: 15.939 Thread 0x000000001f452000 Implicit null exception at 0x000000000324b0a9 to 0x000000000324d36e
Event: 17.612 Thread 0x000000001f452000 Implicit null exception at 0x00000000034acfc3 to 0x00000000034ae3f3
Event: 21.809 Thread 0x000000001f452000 Implicit null exception at 0x000000000350079a to 0x0000000003501ab1
Event: 21.810 Thread 0x000000001f452000 Implicit null exception at 0x0000000003513665 to 0x0000000003514361
Event: 21.810 Thread 0x000000001f452000 Implicit null exception at 0x000000000348ae9a to 0x000000000348b291
Event: 27.717 Thread 0x000000001f452000 Implicit null exception at 0x0000000002c31fd7 to 0x0000000002c3230d
Event: 27.717 Thread 0x000000001f452000 Implicit null exception at 0x00000000032138dd to 0x0000000003214bbd
Event: 27.717 Thread 0x000000001f452000 Implicit null exception at 0x0000000002e82797 to 0x0000000002e82bf5
Event: 27.769 Thread 0x000000001f452000 Implicit null exception at 0x0000000003218dcc to 0x0000000003219371

Events (10 events):
Event: 27.782 Thread 0x000000001d855800 flushing nmethod 0x0000000002f4e290
Event: 27.782 Thread 0x000000001d855800 flushing nmethod 0x0000000002f58e90
Event: 27.782 Thread 0x000000001d855800 flushing nmethod 0x0000000002f5ab10
Event: 27.799 Thread 0x000000001d854800 flushing nmethod 0x0000000002f62090
Event: 27.799 Thread 0x000000001d854800 flushing nmethod 0x0000000002f62710
Event: 27.800 Thread 0x000000001d854800 flushing nmethod 0x0000000002f709d0
Event: 27.800 Thread 0x000000001d854800 flushing nmethod 0x0000000002fda390
Event: 27.800 Thread 0x000000001d854800 flushing nmethod 0x0000000002ff00d0
Event: 27.801 Thread 0x000000001d831000 flushing nmethod 0x000000000306ae90
Event: 27.801 Thread 0x000000001d831000 flushing nmethod 0x00000000030976d0


Dynamic libraries:
0x00007ff74e250000 - 0x00007ff74e287000 	C:\Program Files\Java\jre1.8.0_151\bin\javaw.exe
0x00007ffdf12a0000 - 0x00007ffdf144d000 	C:\Windows\SYSTEM32\ntdll.dll
0x00007ffdeebf0000 - 0x00007ffdeed2e000 	C:\Windows\system32\KERNEL32.DLL
0x00007ffdee750000 - 0x00007ffdee865000 	C:\Windows\system32\KERNELBASE.dll
0x00007ffdecf90000 - 0x00007ffded01e000 	C:\Windows\system32\apphelp.dll
0x00007ffde48a0000 - 0x00007ffde48f3000 	C:\Windows\AppPatch\AppPatch64\AcGenral.DLL
0x00007ffdef1e0000 - 0x00007ffdef28a000 	C:\Windows\system32\msvcrt.dll
0x00007ffdee490000 - 0x00007ffdee4be000 	C:\Windows\system32\SspiCli.dll
0x00007ffdefb70000 - 0x00007ffdefbc4000 	C:\Windows\system32\SHLWAPI.dll
0x00007ffdef290000 - 0x00007ffdef407000 	C:\Windows\system32\USER32.dll
0x00007ffdf1100000 - 0x00007ffdf1294000 	C:\Windows\system32\ole32.dll
0x00007ffdefbd0000 - 0x00007ffdf10f9000 	C:\Windows\system32\SHELL32.dll
0x00007ffdeda00000 - 0x00007ffdeda21000 	C:\Windows\SYSTEM32\USERENV.dll
0x00007ffdeee70000 - 0x00007ffdeef1a000 	C:\Windows\system32\ADVAPI32.dll
0x00007ffde6430000 - 0x00007ffde644e000 	C:\Windows\SYSTEM32\MPR.dll
0x00007ffdeed30000 - 0x00007ffdeee70000 	C:\Windows\system32\RPCRT4.dll
0x00007ffdeef20000 - 0x00007ffdeef79000 	C:\Windows\SYSTEM32\sechost.dll
0x00007ffdef890000 - 0x00007ffdefaa2000 	C:\Windows\SYSTEM32\combase.dll
0x00007ffdef570000 - 0x00007ffdef6bb000 	C:\Windows\system32\GDI32.dll
0x00007ffdee3c0000 - 0x00007ffdee3d5000 	C:\Windows\SYSTEM32\profapi.dll
0x00007ffddc360000 - 0x00007ffddc7e1000 	C:\Windows\AppPatch\AppPatch64\AcLayers.DLL
0x00007ffdea170000 - 0x00007ffdea173000 	C:\Windows\SYSTEM32\sfc.dll
0x00007ffde99f0000 - 0x00007ffde9a72000 	C:\Windows\SYSTEM32\WINSPOOL.DRV
0x00007ffde3980000 - 0x00007ffde3992000 	C:\Windows\SYSTEM32\sfc_os.DLL
0x00007ffdec960000 - 0x00007ffdeca12000 	C:\Windows\SYSTEM32\SHCORE.dll
0x00007ffdeeba0000 - 0x00007ffdeebd6000 	C:\Windows\system32\IMM32.DLL
0x00007ffdef730000 - 0x00007ffdef882000 	C:\Windows\system32\MSCTF.dll
0x00007ffdec000000 - 0x00007ffdec27a000 	C:\Windows\WinSxS\amd64_microsoft.windows.common-controls_6595b64144ccf1df_6.0.9600.17810_none_6240b9c7ecbd0bda\COMCTL32.dll
0x0000000068af0000 - 0x0000000068bc2000 	C:\Program Files\Java\jre1.8.0_151\bin\msvcr100.dll
0x0000000068ca0000 - 0x000000006953d000 	C:\Program Files\Java\jre1.8.0_151\bin\server\jvm.dll
0x00007ffde6df0000 - 0x00007ffde6df9000 	C:\Windows\SYSTEM32\WSOCK32.dll
0x00007ffdebdd0000 - 0x00007ffdebdf2000 	C:\Windows\SYSTEM32\WINMM.dll
0x00007ffdebdc0000 - 0x00007ffdebdca000 	C:\Windows\SYSTEM32\VERSION.dll
0x00007ffdef6c0000 - 0x00007ffdef6c7000 	C:\Windows\system32\PSAPI.DLL
0x00007ffdef6d0000 - 0x00007ffdef72a000 	C:\Windows\system32\WS2_32.dll
0x00007ffdea9e0000 - 0x00007ffdeaa0a000 	C:\Windows\SYSTEM32\WINMMBASE.dll
0x00007ffdeebe0000 - 0x00007ffdeebe9000 	C:\Windows\system32\NSI.dll
0x00007ffdee700000 - 0x00007ffdee74f000 	C:\Windows\SYSTEM32\cfgmgr32.dll
0x00007ffded1d0000 - 0x00007ffded1f8000 	C:\Windows\SYSTEM32\DEVOBJ.dll
0x0000000068c90000 - 0x0000000068c9f000 	C:\Program Files\Java\jre1.8.0_151\bin\verify.dll
0x0000000068c60000 - 0x0000000068c89000 	C:\Program Files\Java\jre1.8.0_151\bin\java.dll
0x0000000068c40000 - 0x0000000068c56000 	C:\Program Files\Java\jre1.8.0_151\bin\zip.dll
0x00007ffde9570000 - 0x00007ffde9573000 	C:\Program Files\Java\jre1.8.0_151\bin\api-ms-win-core-console-l1-1-0.dll
0x00007ffde9560000 - 0x00007ffde9563000 	C:\Program Files\Java\jre1.8.0_151\bin\api-ms-win-core-datetime-l1-1-0.dll
0x00007ffde9550000 - 0x00007ffde9553000 	C:\Program Files\Java\jre1.8.0_151\bin\api-ms-win-core-debug-l1-1-0.dll
0x00007ffde8860000 - 0x00007ffde8863000 	C:\Program Files\Java\jre1.8.0_151\bin\api-ms-win-core-errorhandling-l1-1-0.dll
0x00007ffde8850000 - 0x00007ffde8854000 	C:\Program Files\Java\jre1.8.0_151\bin\api-ms-win-core-file-l1-1-0.dll
0x00007ffde8840000 - 0x00007ffde8843000 	C:\Program Files\Java\jre1.8.0_151\bin\api-ms-win-core-file-l1-2-0.dll
0x00007ffde8690000 - 0x00007ffde8693000 	C:\Program Files\Java\jre1.8.0_151\bin\api-ms-win-core-file-l2-1-0.dll
0x00007ffde8680000 - 0x00007ffde8683000 	C:\Program Files\Java\jre1.8.0_151\bin\api-ms-win-core-handle-l1-1-0.dll
0x00007ffde8610000 - 0x00007ffde8613000 	C:\Program Files\Java\jre1.8.0_151\bin\api-ms-win-core-heap-l1-1-0.dll
0x00007ffde74a0000 - 0x00007ffde74a3000 	C:\Program Files\Java\jre1.8.0_151\bin\api-ms-win-core-interlocked-l1-1-0.dll
0x00007ffde63d0000 - 0x00007ffde63d3000 	C:\Program Files\Java\jre1.8.0_151\bin\api-ms-win-core-libraryloader-l1-1-0.dll
0x00007ffde63c0000 - 0x00007ffde63c3000 	C:\Program Files\Java\jre1.8.0_151\bin\api-ms-win-core-localization-l1-2-0.dll
0x00007ffde4890000 - 0x00007ffde4893000 	C:\Program Files\Java\jre1.8.0_151\bin\api-ms-win-core-memory-l1-1-0.dll
0x00007ffde4820000 - 0x00007ffde4823000 	C:\Program Files\Java\jre1.8.0_151\bin\api-ms-win-core-namedpipe-l1-1-0.dll
0x00007ffde3f90000 - 0x00007ffde3f93000 	C:\Program Files\Java\jre1.8.0_151\bin\api-ms-win-core-processenvironment-l1-1-0.dll
0x00007ffde3950000 - 0x00007ffde3953000 	C:\Program Files\Java\jre1.8.0_151\bin\api-ms-win-core-processthreads-l1-1-0.dll
0x00007ffde2220000 - 0x00007ffde2223000 	C:\Program Files\Java\jre1.8.0_151\bin\api-ms-win-core-processthreads-l1-1-1.dll
0x00007ffde2210000 - 0x00007ffde2213000 	C:\Program Files\Java\jre1.8.0_151\bin\api-ms-win-core-profile-l1-1-0.dll
0x00007ffde2200000 - 0x00007ffde2203000 	C:\Program Files\Java\jre1.8.0_151\bin\api-ms-win-core-rtlsupport-l1-1-0.dll
0x00007ffde1f70000 - 0x00007ffde1f73000 	C:\Program Files\Java\jre1.8.0_151\bin\api-ms-win-core-string-l1-1-0.dll
0x00007ffde1770000 - 0x00007ffde1773000 	C:\Program Files\Java\jre1.8.0_151\bin\api-ms-win-core-synch-l1-1-0.dll
0x00007ffde1760000 - 0x00007ffde1763000 	C:\Program Files\Java\jre1.8.0_151\bin\api-ms-win-core-synch-l1-2-0.dll
0x00007ffde1750000 - 0x00007ffde1753000 	C:\Program Files\Java\jre1.8.0_151\bin\api-ms-win-core-sysinfo-l1-1-0.dll
0x00007ffde1740000 - 0x00007ffde1743000 	C:\Program Files\Java\jre1.8.0_151\bin\api-ms-win-core-timezone-l1-1-0.dll
0x00007ffde1730000 - 0x00007ffde1733000 	C:\Program Files\Java\jre1.8.0_151\bin\api-ms-win-core-util-l1-1-0.dll
0x00007ffde1720000 - 0x00007ffde1723000 	C:\Program Files\Java\jre1.8.0_151\bin\api-ms-win-crt-conio-l1-1-0.dll
0x00007ffde1710000 - 0x00007ffde1714000 	C:\Program Files\Java\jre1.8.0_151\bin\api-ms-win-crt-convert-l1-1-0.dll
0x00007ffde1700000 - 0x00007ffde1703000 	C:\Program Files\Java\jre1.8.0_151\bin\api-ms-win-crt-environment-l1-1-0.dll
0x00007ffde16f0000 - 0x00007ffde16f3000 	C:\Program Files\Java\jre1.8.0_151\bin\api-ms-win-crt-filesystem-l1-1-0.dll
0x00007ffde16e0000 - 0x00007ffde16e3000 	C:\Program Files\Java\jre1.8.0_151\bin\api-ms-win-crt-heap-l1-1-0.dll
0x00007ffde16d0000 - 0x00007ffde16d3000 	C:\Program Files\Java\jre1.8.0_151\bin\api-ms-win-crt-locale-l1-1-0.dll
0x00007ffde16c0000 - 0x00007ffde16c5000 	C:\Program Files\Java\jre1.8.0_151\bin\api-ms-win-crt-math-l1-1-0.dll
0x00007ffde16b0000 - 0x00007ffde16b5000 	C:\Program Files\Java\jre1.8.0_151\bin\api-ms-win-crt-multibyte-l1-1-0.dll
0x00007ffde16a0000 - 0x00007ffde16b0000 	C:\Program Files\Java\jre1.8.0_151\bin\api-ms-win-crt-private-l1-1-0.dll
0x00007ffde1690000 - 0x00007ffde1693000 	C:\Program Files\Java\jre1.8.0_151\bin\api-ms-win-crt-process-l1-1-0.dll
0x00007ffde1680000 - 0x00007ffde1684000 	C:\Program Files\Java\jre1.8.0_151\bin\api-ms-win-crt-runtime-l1-1-0.dll
0x00007ffde1670000 - 0x00007ffde1674000 	C:\Program Files\Java\jre1.8.0_151\bin\api-ms-win-crt-stdio-l1-1-0.dll
0x00007ffde1660000 - 0x00007ffde1664000 	C:\Program Files\Java\jre1.8.0_151\bin\api-ms-win-crt-string-l1-1-0.dll
0x00007ffde1650000 - 0x00007ffde1653000 	C:\Program Files\Java\jre1.8.0_151\bin\api-ms-win-crt-time-l1-1-0.dll
0x00007ffde1640000 - 0x00007ffde1643000 	C:\Program Files\Java\jre1.8.0_151\bin\api-ms-win-crt-utility-l1-1-0.dll
0x00007ffde1540000 - 0x00007ffde1636000 	C:\Program Files\Java\jre1.8.0_151\bin\ucrtbase.dll
0x00007ffde14e0000 - 0x00007ffde1531000 	C:\Program Files\Java\jre1.8.0_151\bin\concrt140.dll
0x00007ffde1440000 - 0x00007ffde14dc000 	C:\Program Files\Java\jre1.8.0_151\bin\MSVCP140.dll
0x00007ffde1420000 - 0x00007ffde1436000 	C:\Program Files\Java\jre1.8.0_151\bin\VCRUNTIME140.dll
0x0000000068ac0000 - 0x0000000068ae3000 	C:\Program Files\Java\jre1.8.0_151\bin\prism_d3d.dll
0x00007ffdd7e60000 - 0x00007ffdd8081000 	C:\Windows\system32\d3d9.dll
0x00007ffdec760000 - 0x00007ffdec781000 	C:\Windows\SYSTEM32\dwmapi.dll
0x00007ffded050000 - 0x00007ffded179000 	C:\Windows\system32\uxtheme.dll
0x00007ffdcb8b0000 - 0x00007ffdcc855000 	C:\Windows\SYSTEM32\nvd3dumx.dll
0x0000000068a70000 - 0x0000000068ab9000 	C:\Program Files\Java\jre1.8.0_151\bin\glass.dll
0x00007ffdefab0000 - 0x00007ffdefb66000 	C:\Windows\system32\COMDLG32.dll
0x00007ffdef4a0000 - 0x00007ffdef566000 	C:\Windows\system32\OLEAUT32.dll
0x00007ffde8390000 - 0x00007ffde847e000 	C:\Program Files (x86)\Stardock\Start8\Start8_64.dll
0x00007ffde81a0000 - 0x00007ffde831f000 	C:\Windows\SYSTEM32\PROPSYS.dll
0x00007ffded240000 - 0x00007ffded24b000 	C:\Windows\SYSTEM32\kernel.appcore.dll
0x00007ffdee300000 - 0x00007ffdee30b000 	C:\Windows\SYSTEM32\CRYPTBASE.dll
0x00007ffdee290000 - 0x00007ffdee2f3000 	C:\Windows\SYSTEM32\bcryptPrimitives.dll
0x00007ffdeda30000 - 0x00007ffdeda76000 	C:\Windows\system32\powrprof.dll
0x0000000068a50000 - 0x0000000068a64000 	C:\Program Files\Java\jre1.8.0_151\bin\javafx_font.dll
0x00007ffdea1d0000 - 0x00007ffdea3ba000 	C:\Windows\SYSTEM32\dwrite.dll
0x00007ffdee920000 - 0x00007ffdee9d6000 	C:\Windows\SYSTEM32\clbcatq.dll
0x00007ffde6eb0000 - 0x00007ffde705e000 	C:\Windows\SYSTEM32\WindowsCodecs.dll
0x00007ffdedd20000 - 0x00007ffdedd40000 	C:\Windows\SYSTEM32\CRYPTSP.dll
0x00007ffded8f0000 - 0x00007ffded926000 	C:\Windows\system32\rsaenh.dll
0x00007ffdedf70000 - 0x00007ffdedf96000 	C:\Windows\SYSTEM32\bcrypt.dll
0x00007ffde13f0000 - 0x00007ffde141e000 	C:\Program Files\Common Files\Microsoft Shared\Ink\rtscom.dll
0x0000000068a30000 - 0x0000000068a42000 	C:\Program Files\Java\jre1.8.0_151\bin\prism_common.dll

VM Arguments:
jvm_args: -Dfile.encoding=Cp1252 
java_command: app.Main
java_class_path (initial): D:\Java\RAF wokspace\PG_Domaci1\bin;D:\Java\RAF wokspace\PG_Domaci1\pdfbox-app-1.8.13.jar
Launcher Type: SUN_STANDARD

Environment Variables:
PATH=C:/Program Files/Java/jre1.8.0_151/bin/server;C:/Program Files/Java/jre1.8.0_151/bin;C:/Program Files/Java/jre1.8.0_151/lib/amd64;C:\ProgramData\Oracle\Java\javapath;C:\Windows\system32;C:\Windows;C:\Windows\System32\Wbem;C:\Windows\System32\WindowsPowerShell\v1.0\;C:\Program Files (x86)\PuTTY\;C:\Program Files (x86)\Skype\Phone\;C:\Program Files (x86)\NVIDIA Corporation\PhysX\Common;C:\Program Files (x86)\Microsoft SQL Server\110\Tools\Binn\ManagementStudio\;C:\Program Files (x86)\Microsoft SQL Server\110\Tools\Binn\;C:\Program Files\Microsoft SQL Server\110\Tools\Binn\;C:\Program Files (x86)\Microsoft SQL Server\110\DTS\Binn\;C:\Program Files\eclipse;
USERNAME=Filip

[error occurred during error reporting (printing environment variables), id 0xc0000005]



---------------  S Y S T E M  ---------------

OS: Windows 8.1 , 64 bit Build 9600 (6.3.9600.17415)

CPU:total 8 (initial active 8) (4 cores per cpu, 2 threads per core) family 6 model 62 stepping 4, cmov, cx8, fxsr, mmx, sse, sse2, sse3, ssse3, sse4.1, sse4.2, popcnt, avx, aes, clmul, erms, ht, tsc, tscinvbit

Memory: 4k page, physical 16716740k(12205376k free), swap 19207108k(13726276k free)

vm_info: Java HotSpot(TM) 64-Bit Server VM (25.151-b12) for windows-amd64 JRE (1.8.0_151-b12), built on Sep  5 2017 19:33:46 by "java_re" with MS VC++ 10.0 (VS2010)

time: Sun Oct 22 19:05:45 2017
elapsed time: 28 seconds (0d 0h 0m 28s)

